c:\users\lubos\quanti\duplexplayer\duplexplayer\preengine\preengine\release\vc120.pdb
c:\users\lubos\quanti\duplexplayer\duplexplayer\preengine\preengine\release\system.obj
c:\users\lubos\quanti\duplexplayer\duplexplayer\preengine\preengine\release\walkingcamera.obj
c:\users\lubos\quanti\duplexplayer\duplexplayer\preengine\preengine\release\flyingcamera.obj
c:\users\lubos\quanti\duplexplayer\duplexplayer\preengine\preengine\release\tcpstreamclient.obj
c:\users\lubos\quanti\duplexplayer\duplexplayer\preengine\preengine\release\tcpclientsocket.obj
c:\users\lubos\quanti\duplexplayer\duplexplayer\preengine\preengine\release\networkcommandfactory.obj
c:\users\lubos\quanti\duplexplayer\duplexplayer\preengine\preengine\release\mouseinputcomponent.obj
c:\users\lubos\quanti\duplexplayer\duplexplayer\preengine\preengine\release\keyboardinputcomponent.obj
c:\users\lubos\quanti\duplexplayer\duplexplayer\preengine\preengine\release\inputfacade.obj
c:\users\lubos\quanti\duplexplayer\duplexplayer\preengine\preengine\release\idgenerator.obj
c:\users\lubos\quanti\duplexplayer\duplexplayer\preengine\preengine\release\thread.obj
c:\users\lubos\quanti\duplexplayer\duplexplayer\preengine\preengine\release\stlthread.obj
c:\users\lubos\quanti\duplexplayer\duplexplayer\preengine\preengine\release\viewfrustumconfig.obj
c:\users\lubos\quanti\duplexplayer\duplexplayer\preengine\preengine\release\sceneitemconfig.obj
c:\users\lubos\quanti\duplexplayer\duplexplayer\preengine\preengine\release\openglconfig.obj
c:\users\lubos\quanti\duplexplayer\duplexplayer\preengine\preengine\release\engineconfig.obj
c:\users\lubos\quanti\duplexplayer\duplexplayer\preengine\preengine\release\abstractconfig.obj
c:\users\lubos\quanti\duplexplayer\duplexplayer\preengine\preengine\release\soundfactory.obj
c:\users\lubos\quanti\duplexplayer\duplexplayer\preengine\preengine\release\sound.obj
c:\users\lubos\quanti\duplexplayer\duplexplayer\preengine\preengine\release\audiocontext.obj
c:\users\lubos\quanti\duplexplayer\duplexplayer\preengine\preengine\release\directionallight.obj
c:\users\lubos\quanti\duplexplayer\duplexplayer\preengine\preengine\release\abstractlight.obj
c:\users\lubos\quanti\duplexplayer\duplexplayer\preengine\preengine\release\heightmapfactory.obj
c:\users\lubos\quanti\duplexplayer\duplexplayer\preengine\preengine\release\renderutil.obj
c:\users\lubos\quanti\duplexplayer\duplexplayer\preengine\preengine\release\file.obj
c:\users\lubos\quanti\duplexplayer\duplexplayer\preengine\preengine\release\shaderprogrambuilder.obj
c:\users\lubos\quanti\duplexplayer\duplexplayer\preengine\preengine\release\ray.obj
c:\users\lubos\quanti\duplexplayer\duplexplayer\preengine\preengine\release\quad.obj
c:\users\lubos\quanti\duplexplayer\duplexplayer\preengine\preengine\release\line.obj
c:\users\lubos\quanti\duplexplayer\duplexplayer\preengine\preengine\release\md5modelfactory.obj
c:\users\lubos\quanti\duplexplayer\duplexplayer\preengine\preengine\release\md5model.obj
c:\users\lubos\quanti\duplexplayer\duplexplayer\preengine\preengine\release\animationtype.obj
c:\users\lubos\quanti\duplexplayer\duplexplayer\preengine\preengine\release\simplefont.obj
c:\users\lubos\quanti\duplexplayer\duplexplayer\preengine\preengine\release\abstractfont.obj
c:\users\lubos\quanti\duplexplayer\duplexplayer\preengine\preengine\release\shadows.obj
c:\users\lubos\quanti\duplexplayer\duplexplayer\preengine\preengine\release\fog.obj
c:\users\lubos\quanti\duplexplayer\duplexplayer\preengine\preengine\release\mouseinput.obj
c:\users\lubos\quanti\duplexplayer\duplexplayer\preengine\preengine\release\keyboardinput.obj
c:\users\lubos\quanti\duplexplayer\duplexplayer\preengine\preengine\release\input.obj
c:\users\lubos\quanti\duplexplayer\duplexplayer\preengine\preengine\release\abstractengine.obj
c:\users\lubos\quanti\duplexplayer\duplexplayer\preengine\preengine\release\fragmentshader.obj
c:\users\lubos\quanti\duplexplayer\duplexplayer\preengine\preengine\release\computeshader.obj
c:\users\lubos\quanti\duplexplayer\duplexplayer\preengine\preengine\release\shaderprogram.obj
c:\users\lubos\quanti\duplexplayer\duplexplayer\preengine\preengine\release\shaderfactory.obj
c:\users\lubos\quanti\duplexplayer\duplexplayer\preengine\preengine\release\abstractshader.obj
c:\users\lubos\quanti\duplexplayer\duplexplayer\preengine\preengine\release\raycastingpicking.obj
c:\users\lubos\quanti\duplexplayer\duplexplayer\preengine\preengine\release\colorpicking.obj
c:\users\lubos\quanti\duplexplayer\duplexplayer\preengine\preengine\release\torus.obj
c:\users\lubos\quanti\duplexplayer\duplexplayer\preengine\preengine\release\teapot.obj
c:\users\lubos\quanti\duplexplayer\duplexplayer\preengine\preengine\release\sphere.obj
c:\users\lubos\quanti\duplexplayer\duplexplayer\preengine\preengine\release\plane.obj
c:\users\lubos\quanti\duplexplayer\duplexplayer\preengine\preengine\release\cylinder.obj
c:\users\lubos\quanti\duplexplayer\duplexplayer\preengine\preengine\release\cubestaticdata.obj
c:\users\lubos\quanti\duplexplayer\duplexplayer\preengine\preengine\release\cube.obj
c:\users\lubos\quanti\duplexplayer\duplexplayer\preengine\preengine\release\abstractdrawableobject.obj
c:\users\lubos\quanti\duplexplayer\duplexplayer\preengine\preengine\release\md2model.obj
c:\users\lubos\quanti\duplexplayer\duplexplayer\preengine\preengine\release\spotlight.obj
c:\users\lubos\quanti\duplexplayer\duplexplayer\preengine\preengine\release\pointlight.obj
c:\users\lubos\quanti\duplexplayer\duplexplayer\preengine\preengine\release\material.obj
c:\users\lubos\quanti\duplexplayer\duplexplayer\preengine\preengine\release\luaapihelper.obj
c:\users\lubos\quanti\duplexplayer\duplexplayer\preengine\preengine\release\vertexbufferobject.obj
c:\users\lubos\quanti\duplexplayer\duplexplayer\preengine\preengine\release\texturefactory.obj
c:\users\lubos\quanti\duplexplayer\duplexplayer\preengine\preengine\release\texture.obj
c:\users\lubos\quanti\duplexplayer\duplexplayer\preengine\preengine\release\skyboxfactory.obj
c:\users\lubos\quanti\duplexplayer\duplexplayer\preengine\preengine\release\skybox.obj
c:\users\lubos\quanti\duplexplayer\duplexplayer\preengine\preengine\release\objmodelfactory.obj
c:\users\lubos\quanti\duplexplayer\duplexplayer\preengine\preengine\release\objmodel.obj
c:\users\lubos\quanti\duplexplayer\duplexplayer\preengine\preengine\release\md2modelfactory.obj
c:\users\lubos\quanti\duplexplayer\duplexplayer\preengine\preengine\release\assimpmodelfactory.obj
c:\users\lubos\quanti\duplexplayer\duplexplayer\preengine\preengine\release\assimpmodel.obj
c:\users\lubos\quanti\duplexplayer\duplexplayer\preengine\preengine\release\heightmap.obj
c:\users\lubos\quanti\duplexplayer\duplexplayer\preengine\preengine\release\framebufferfactory.obj
c:\users\lubos\quanti\duplexplayer\duplexplayer\preengine\preengine\release\framebuffer.obj
c:\users\lubos\quanti\duplexplayer\duplexplayer\preengine\preengine\release\freetypefont.obj
c:\users\lubos\quanti\duplexplayer\duplexplayer\preengine\preengine\release\fontfactory.obj
c:\users\lubos\quanti\duplexplayer\duplexplayer\preengine\preengine\release\vertexshader.obj
c:\users\lubos\quanti\duplexplayer\duplexplayer\preengine\preengine\release\tesselationevaluationshader.obj
c:\users\lubos\quanti\duplexplayer\duplexplayer\preengine\preengine\release\tesselationcontrolshader.obj
c:\users\lubos\quanti\duplexplayer\duplexplayer\preengine\preengine\release\geometryshader.obj
c:\users\lubos\quanti\duplexplayer\duplexplayer\preengine\preengine\release\timer.obj
c:\users\lubos\quanti\duplexplayer\duplexplayer\preengine\preengine\release\stringutils.obj
c:\users\lubos\quanti\duplexplayer\duplexplayer\preengine\preengine\release\jsonserializer.obj
c:\users\lubos\quanti\duplexplayer\duplexplayer\preengine\preengine\release\hosttoiputil.obj
c:\users\lubos\quanti\duplexplayer\duplexplayer\preengine\preengine\release\memoryutil.obj
c:\users\lubos\quanti\duplexplayer\duplexplayer\preengine\preengine\release\viewfrustum.obj
c:\users\lubos\quanti\duplexplayer\duplexplayer\preengine\preengine\release\randomgenerator.obj
c:\users\lubos\quanti\duplexplayer\duplexplayer\preengine\preengine\release\primesearch.obj
c:\users\lubos\quanti\duplexplayer\duplexplayer\preengine\preengine\release\memorypool.obj
c:\users\lubos\quanti\duplexplayer\duplexplayer\preengine\preengine\release\memoryallocator.obj
c:\users\lubos\quanti\duplexplayer\duplexplayer\preengine\preengine\release\logger.obj
c:\users\lubos\quanti\duplexplayer\duplexplayer\preengine\preengine\release\glutils.obj
c:\users\lubos\quanti\duplexplayer\duplexplayer\preengine\preengine\release\filewriter.obj
c:\users\lubos\quanti\duplexplayer\duplexplayer\preengine\preengine\release\filereader.obj
c:\users\lubos\quanti\duplexplayer\duplexplayer\preengine\preengine\release\scriptor.obj
c:\users\lubos\quanti\duplexplayer\duplexplayer\preengine\preengine\release\preengine.tlog\cl.command.1.tlog
c:\users\lubos\quanti\duplexplayer\duplexplayer\preengine\preengine\release\preengine.tlog\cl.read.1.tlog
c:\users\lubos\quanti\duplexplayer\duplexplayer\preengine\preengine\release\preengine.tlog\cl.write.1.tlog
