c:\users\lubos\quanti\duplexplayer\duplexplayer\preengine\preengine\debug\vc120.pdb
c:\users\lubos\quanti\duplexplayer\duplexplayer\preengine\preengine\debug\vc120.idb
c:\users\lubos\quanti\duplexplayer\duplexplayer\preengine\preengine\debug\skyboxfactory.obj
c:\users\lubos\quanti\duplexplayer\duplexplayer\preengine\preengine\debug\texture.obj
c:\users\lubos\quanti\duplexplayer\duplexplayer\preengine\preengine\debug\texturefactory.obj
c:\users\lubos\quanti\duplexplayer\duplexplayer\preengine\preengine\debug\vertexbufferobject.obj
c:\users\lubos\quanti\duplexplayer\duplexplayer\preengine\preengine\debug\luaapihelper.obj
c:\users\lubos\quanti\duplexplayer\duplexplayer\preengine\preengine\debug\scriptor.obj
c:\users\lubos\quanti\duplexplayer\duplexplayer\preengine\preengine\debug\filereader.obj
c:\users\lubos\quanti\duplexplayer\duplexplayer\preengine\preengine\debug\filewriter.obj
c:\users\lubos\quanti\duplexplayer\duplexplayer\preengine\preengine\debug\glutils.obj
c:\users\lubos\quanti\duplexplayer\duplexplayer\preengine\preengine\debug\logger.obj
c:\users\lubos\quanti\duplexplayer\duplexplayer\preengine\preengine\debug\memoryallocator.obj
c:\users\lubos\quanti\duplexplayer\duplexplayer\preengine\preengine\debug\memorypool.obj
c:\users\lubos\quanti\duplexplayer\duplexplayer\preengine\preengine\debug\primesearch.obj
c:\users\lubos\quanti\duplexplayer\duplexplayer\preengine\preengine\debug\randomgenerator.obj
c:\users\lubos\quanti\duplexplayer\duplexplayer\preengine\preengine\debug\viewfrustum.obj
c:\users\lubos\quanti\duplexplayer\duplexplayer\preengine\preengine\debug\memoryutil.obj
c:\users\lubos\quanti\duplexplayer\duplexplayer\preengine\preengine\debug\hosttoiputil.obj
c:\users\lubos\quanti\duplexplayer\duplexplayer\preengine\preengine\debug\jsonserializer.obj
c:\users\lubos\quanti\duplexplayer\duplexplayer\preengine\preengine\debug\stringutils.obj
c:\users\lubos\quanti\duplexplayer\duplexplayer\preengine\preengine\debug\timer.obj
c:\users\lubos\quanti\duplexplayer\duplexplayer\preengine\preengine\debug\abstractshader.obj
c:\users\lubos\quanti\duplexplayer\duplexplayer\preengine\preengine\debug\shaderfactory.obj
c:\users\lubos\quanti\duplexplayer\duplexplayer\preengine\preengine\debug\shaderprogram.obj
c:\users\lubos\quanti\duplexplayer\duplexplayer\preengine\preengine\debug\computeshader.obj
c:\users\lubos\quanti\duplexplayer\duplexplayer\preengine\preengine\debug\fragmentshader.obj
c:\users\lubos\quanti\duplexplayer\duplexplayer\preengine\preengine\debug\geometryshader.obj
c:\users\lubos\quanti\duplexplayer\duplexplayer\preengine\preengine\debug\tesselationcontrolshader.obj
c:\users\lubos\quanti\duplexplayer\duplexplayer\preengine\preengine\debug\tesselationevaluationshader.obj
c:\users\lubos\quanti\duplexplayer\duplexplayer\preengine\preengine\debug\vertexshader.obj
c:\users\lubos\quanti\duplexplayer\duplexplayer\preengine\preengine\debug\fontfactory.obj
c:\users\lubos\quanti\duplexplayer\duplexplayer\preengine\preengine\debug\freetypefont.obj
c:\users\lubos\quanti\duplexplayer\duplexplayer\preengine\preengine\debug\framebuffer.obj
c:\users\lubos\quanti\duplexplayer\duplexplayer\preengine\preengine\debug\framebufferfactory.obj
c:\users\lubos\quanti\duplexplayer\duplexplayer\preengine\preengine\debug\heightmap.obj
c:\users\lubos\quanti\duplexplayer\duplexplayer\preengine\preengine\debug\assimpmodel.obj
c:\users\lubos\quanti\duplexplayer\duplexplayer\preengine\preengine\debug\assimpmodelfactory.obj
c:\users\lubos\quanti\duplexplayer\duplexplayer\preengine\preengine\debug\md2modelfactory.obj
c:\users\lubos\quanti\duplexplayer\duplexplayer\preengine\preengine\debug\objmodel.obj
c:\users\lubos\quanti\duplexplayer\duplexplayer\preengine\preengine\debug\objmodelfactory.obj
c:\users\lubos\quanti\duplexplayer\duplexplayer\preengine\preengine\debug\skybox.obj
c:\users\lubos\quanti\duplexplayer\duplexplayer\preengine\preengine\debug\file.obj
c:\users\lubos\quanti\duplexplayer\duplexplayer\preengine\preengine\debug\renderutil.obj
c:\users\lubos\quanti\duplexplayer\duplexplayer\preengine\preengine\debug\heightmapfactory.obj
c:\users\lubos\quanti\duplexplayer\duplexplayer\preengine\preengine\debug\abstractlight.obj
c:\users\lubos\quanti\duplexplayer\duplexplayer\preengine\preengine\debug\directionallight.obj
c:\users\lubos\quanti\duplexplayer\duplexplayer\preengine\preengine\debug\material.obj
c:\users\lubos\quanti\duplexplayer\duplexplayer\preengine\preengine\debug\pointlight.obj
c:\users\lubos\quanti\duplexplayer\duplexplayer\preengine\preengine\debug\spotlight.obj
c:\users\lubos\quanti\duplexplayer\duplexplayer\preengine\preengine\debug\md2model.obj
c:\users\lubos\quanti\duplexplayer\duplexplayer\preengine\preengine\debug\abstractdrawableobject.obj
c:\users\lubos\quanti\duplexplayer\duplexplayer\preengine\preengine\debug\cube.obj
c:\users\lubos\quanti\duplexplayer\duplexplayer\preengine\preengine\debug\cubestaticdata.obj
c:\users\lubos\quanti\duplexplayer\duplexplayer\preengine\preengine\debug\cylinder.obj
c:\users\lubos\quanti\duplexplayer\duplexplayer\preengine\preengine\debug\plane.obj
c:\users\lubos\quanti\duplexplayer\duplexplayer\preengine\preengine\debug\sphere.obj
c:\users\lubos\quanti\duplexplayer\duplexplayer\preengine\preengine\debug\teapot.obj
c:\users\lubos\quanti\duplexplayer\duplexplayer\preengine\preengine\debug\torus.obj
c:\users\lubos\quanti\duplexplayer\duplexplayer\preengine\preengine\debug\particlesystemtransformfeedback.obj
c:\users\lubos\quanti\duplexplayer\duplexplayer\preengine\preengine\debug\colorpicking.obj
c:\users\lubos\quanti\duplexplayer\duplexplayer\preengine\preengine\debug\raycastingpicking.obj
c:\users\lubos\quanti\duplexplayer\duplexplayer\preengine\preengine\debug\tcpclientsocket.obj
c:\users\lubos\quanti\duplexplayer\duplexplayer\preengine\preengine\debug\tcpstreamclient.obj
c:\users\lubos\quanti\duplexplayer\duplexplayer\preengine\preengine\debug\flyingcamera.obj
c:\users\lubos\quanti\duplexplayer\duplexplayer\preengine\preengine\debug\walkingcamera.obj
c:\users\lubos\quanti\duplexplayer\duplexplayer\preengine\preengine\debug\system.obj
c:\users\lubos\quanti\duplexplayer\duplexplayer\preengine\preengine\debug\abstractengine.obj
c:\users\lubos\quanti\duplexplayer\duplexplayer\preengine\preengine\debug\input.obj
c:\users\lubos\quanti\duplexplayer\duplexplayer\preengine\preengine\debug\keyboardinput.obj
c:\users\lubos\quanti\duplexplayer\duplexplayer\preengine\preengine\debug\mouseinput.obj
c:\users\lubos\quanti\duplexplayer\duplexplayer\preengine\preengine\debug\fog.obj
c:\users\lubos\quanti\duplexplayer\duplexplayer\preengine\preengine\debug\shadows.obj
c:\users\lubos\quanti\duplexplayer\duplexplayer\preengine\preengine\debug\abstractfont.obj
c:\users\lubos\quanti\duplexplayer\duplexplayer\preengine\preengine\debug\simplefont.obj
c:\users\lubos\quanti\duplexplayer\duplexplayer\preengine\preengine\debug\animationtype.obj
c:\users\lubos\quanti\duplexplayer\duplexplayer\preengine\preengine\debug\md5model.obj
c:\users\lubos\quanti\duplexplayer\duplexplayer\preengine\preengine\debug\md5modelfactory.obj
c:\users\lubos\quanti\duplexplayer\duplexplayer\preengine\preengine\debug\line.obj
c:\users\lubos\quanti\duplexplayer\duplexplayer\preengine\preengine\debug\quad.obj
c:\users\lubos\quanti\duplexplayer\duplexplayer\preengine\preengine\debug\ray.obj
c:\users\lubos\quanti\duplexplayer\duplexplayer\preengine\preengine\debug\shaderprogrambuilder.obj
c:\users\lubos\quanti\duplexplayer\duplexplayer\preengine\preengine\debug\audiocontext.obj
c:\users\lubos\quanti\duplexplayer\duplexplayer\preengine\preengine\debug\sound.obj
c:\users\lubos\quanti\duplexplayer\duplexplayer\preengine\preengine\debug\soundfactory.obj
c:\users\lubos\quanti\duplexplayer\duplexplayer\preengine\preengine\debug\abstractconfig.obj
c:\users\lubos\quanti\duplexplayer\duplexplayer\preengine\preengine\debug\engineconfig.obj
c:\users\lubos\quanti\duplexplayer\duplexplayer\preengine\preengine\debug\openglconfig.obj
c:\users\lubos\quanti\duplexplayer\duplexplayer\preengine\preengine\debug\sceneitemconfig.obj
c:\users\lubos\quanti\duplexplayer\duplexplayer\preengine\preengine\debug\viewfrustumconfig.obj
c:\users\lubos\quanti\duplexplayer\duplexplayer\preengine\preengine\debug\stlthread.obj
c:\users\lubos\quanti\duplexplayer\duplexplayer\preengine\preengine\debug\thread.obj
c:\users\lubos\quanti\duplexplayer\duplexplayer\preengine\preengine\debug\idgenerator.obj
c:\users\lubos\quanti\duplexplayer\duplexplayer\preengine\preengine\debug\inputfacade.obj
c:\users\lubos\quanti\duplexplayer\duplexplayer\preengine\preengine\debug\keyboardinputcomponent.obj
c:\users\lubos\quanti\duplexplayer\duplexplayer\preengine\preengine\debug\mouseinputcomponent.obj
c:\users\lubos\quanti\duplexplayer\duplexplayer\preengine\preengine\debug\networkcommandfactory.obj
c:\users\lubos\quanti\duplexplayer\duplexplayer\preengine\preengine\debug\gl_core_4_4.obj
c:\users\lubos\quanti\duplexplayer\duplexplayer\preengine\debug\preengine.lib
c:\users\lubos\quanti\duplexplayer\duplexplayer\preengine\preengine\debug\preengine.tlog\cl.command.1.tlog
c:\users\lubos\quanti\duplexplayer\duplexplayer\preengine\preengine\debug\preengine.tlog\cl.read.1.tlog
c:\users\lubos\quanti\duplexplayer\duplexplayer\preengine\preengine\debug\preengine.tlog\cl.write.1.tlog
c:\users\lubos\quanti\duplexplayer\duplexplayer\preengine\preengine\debug\preengine.tlog\lib-link.read.1.tlog
c:\users\lubos\quanti\duplexplayer\duplexplayer\preengine\preengine\debug\preengine.tlog\lib-link.write.1.tlog
c:\users\lubos\quanti\duplexplayer\duplexplayer\preengine\preengine\debug\preengine.tlog\lib.command.1.tlog
