Build started 6.2.2016 21:48:08.
     1>Project "C:\Users\lubos\quanti\DuplexPlayer\duplexplayer\PreEngine\PreEngine\PreEngine.vcxproj" on node 2 (Build target(s)).
     1>ClCompile:
         C:\Program Files (x86)\Microsoft Visual Studio 12.0\VC\bin\CL.exe /c /I"C:\Program Files (x86)\Visual Leak Detector\include" /ZI /nologo /W3 /WX- /sdl /Od /Oy- /D _UNICODE /D UNICODE /Gm /EHsc /RTC1 /MDd /GS /fp:precise /Zc:wchar_t /Zc:forScope /Fo"Debug\\" /Fd"Debug\vc120.pdb" /Gd /TP /analyze- /errorReport:prompt Audio\AudioContext.cpp Audio\Sound.cpp Audio\SoundFactory.cpp Core\Config\AbstractConfig.cpp Core\Engines\AbstractEngine.cpp Core\Engines\Config\EngineConfig.cpp Core\Engines\Config\OpenGLConfig.cpp Core\Engines\Config\SceneItemConfig.cpp Core\Engines\Config\ViewFrustumConfig.cpp Core\IDGenerator.cpp Core\Threading\STLThread.cpp Core\Threading\Thread.cpp Inputs\Core\Input.cpp Inputs\Core\KeyboardInput.cpp Inputs\Core\MouseInput.cpp Inputs\InputFacade.cpp Inputs\Keyboards\KeyboardInputComponent.cpp Inputs\Mouses\MouseInputComponent.cpp Network\Commands\NetworkCommandFactory.cpp Network\TCP\TCPClientSocket.cpp Network\TCP\TCPStreamClient.cpp Render\Cameras\FlyingCamera.cpp Render\Cameras\WalkingCamera.cpp Render\Effects\Fog.cpp Render\Effects\Shadows.cpp Render\Fonts\AbstractFont.cpp Render\Fonts\FontFactory.cpp Render\Fonts\FreeTypeFont\FreeTypeFont.cpp Render\Fonts\SimpleFont\SimpleFont.cpp Render\FrameBuffers\FrameBuffer.cpp Render\FrameBuffers\FrameBufferFactory.cpp Render\Frustums\ViewFrustum.cpp Render\HeightMaps\HeightMap.cpp Render\HeightMaps\HeightMapFactory.cpp Render\Lightning\AbstractLight.cpp Render\Lightning\DirectionalLight.cpp Render\Lightning\Material.cpp Render\Lightning\PointLight.cpp Render\Lightning\SpotLight.cpp Render\Models\Assimp\AssimpModel.cpp Render\Models\Assimp\AssimpModelFactory.cpp Render\Models\MD2\AnimationType.cpp Render\Models\MD2\MD2Model.cpp Render\Models\MD2\MD2ModelFactory.cpp Render\Models\MD5\MD5Model.cpp Render\Models\MD5\MD5ModelFactory.cpp Render\Models\ObjModels\ObjModel.cpp Render\Models\ObjModels\ObjModelFactory.cpp Render\Models\Static\AbstractDrawableObject.cpp Render\Models\Static\Cube.cpp Render\Models\Static\CubeStaticData.cpp Render\Models\Static\Cylinder.cpp Render\Models\Static\Line.cpp Render\Models\Static\Plane.cpp Render\Models\Static\Quad.cpp Render\Models\Static\Sphere.cpp Render\Models\Static\Teapot.cpp Render\Models\Static\Torus.cpp Render\Particles\ParticleSystemTransformFeedback.cpp Render\Picking\ColorPicking.cpp Render\Picking\Ray.cpp Render\Picking\RayCastingPicking.cpp Render\Shaders\ShaderFactory.cpp Render\Shaders\ShaderProgram.cpp Render\Shaders\ShaderProgramBuilder.cpp Render\Shaders\Types\AbstractShader.cpp Render\Shaders\Types\ComputeShader.cpp Render\Shaders\Types\FragmentShader.cpp Render\Shaders\Types\GeometryShader.cpp Render\Shaders\Types\TesselationControlShader.cpp Render\Shaders\Types\TesselationEvaluationShader.cpp Render\Shaders\Types\VertexShader.cpp Render\SkyBoxes\SkyBox.cpp Render\SkyBoxes\SkyBoxFactory.cpp Render\Textures\Texture.cpp Render\Textures\TextureFactory.cpp Render\VertexBufferObjects\VertexBufferObject.cpp Scripting\LuaAPIHelper.cpp Scripting\Scriptor.cpp Utils\GL\GLUtils.cpp Utils\IO\File.cpp Utils\IO\FileReader.cpp Utils\Log\Logger.cpp Utils\Memory\MemoryPool.cpp Utils\Memory\MemoryUtil.cpp Utils\Network\HostToIPUtil.cpp Utils\Render\RenderUtil.cpp Utils\Serialization\Json\JsonSerializer.cpp Utils\StringUtils.cpp Utils\Time\Timers\Timer.cpp
         Timer.cpp
         StringUtils.cpp
         JsonSerializer.cpp
         RenderUtil.cpp
         HostToIPUtil.cpp
         MemoryUtil.cpp
         MemoryPool.cpp
         Logger.cpp
         FileReader.cpp
         File.cpp
         GLUtils.cpp
         Scriptor.cpp
         LuaAPIHelper.cpp
         VertexBufferObject.cpp
         TextureFactory.cpp
         Texture.cpp
         SkyBoxFactory.cpp
         SkyBox.cpp
         VertexShader.cpp
         TesselationEvaluationShader.cpp
         Generating Code...
         Compiling...
         TesselationControlShader.cpp
         GeometryShader.cpp
         FragmentShader.cpp
         ComputeShader.cpp
         AbstractShader.cpp
         ShaderProgramBuilder.cpp
         ShaderProgram.cpp
         ShaderFactory.cpp
         RayCastingPicking.cpp
         Ray.cpp
         ColorPicking.cpp
         ParticleSystemTransformFeedback.cpp
         Torus.cpp
         Teapot.cpp
         Sphere.cpp
         Quad.cpp
         Plane.cpp
         Line.cpp
         Cylinder.cpp
         CubeStaticData.cpp
         Generating Code...
         Compiling...
         Cube.cpp
         AbstractDrawableObject.cpp
         ObjModelFactory.cpp
         ObjModel.cpp
         MD5ModelFactory.cpp
         MD5Model.cpp
         MD2ModelFactory.cpp
         MD2Model.cpp
         AnimationType.cpp
         AssimpModelFactory.cpp
         AssimpModel.cpp
         SpotLight.cpp
         PointLight.cpp
         Material.cpp
         DirectionalLight.cpp
         AbstractLight.cpp
         HeightMapFactory.cpp
         HeightMap.cpp
         ViewFrustum.cpp
         FrameBufferFactory.cpp
         Generating Code...
         Compiling...
         FrameBuffer.cpp
         SimpleFont.cpp
         FreeTypeFont.cpp
         FontFactory.cpp
         AbstractFont.cpp
         Shadows.cpp
         Fog.cpp
         WalkingCamera.cpp
         FlyingCamera.cpp
         TCPStreamClient.cpp
         TCPClientSocket.cpp
         NetworkCommandFactory.cpp
         MouseInputComponent.cpp
         KeyboardInputComponent.cpp
         InputFacade.cpp
         MouseInput.cpp
         KeyboardInput.cpp
         Input.cpp
         Thread.cpp
         STLThread.cpp
         Generating Code...
         Compiling...
         IDGenerator.cpp
         ViewFrustumConfig.cpp
         SceneItemConfig.cpp
         OpenGLConfig.cpp
         EngineConfig.cpp
         AbstractEngine.cpp
         AbstractConfig.cpp
         SoundFactory.cpp
         Sound.cpp
         AudioContext.cpp
         Generating Code...
       Lib:
         C:\Program Files (x86)\Microsoft Visual Studio 12.0\VC\bin\Lib.exe /OUT:"C:\Users\lubos\quanti\DuplexPlayer\duplexplayer\PreEngine\Debug\PreEngine.lib" /LIBPATH:"C:\Program Files (x86)\Visual Leak Detector\lib\Win32" /NOLOGO Debug\AudioContext.obj
         Debug\Sound.obj
         Debug\SoundFactory.obj
         Debug\AbstractConfig.obj
         Debug\EngineConfig.obj
         Debug\OpenGLConfig.obj
         Debug\SceneItemConfig.obj
         Debug\ViewFrustumConfig.obj
         Debug\STLThread.obj
         Debug\Thread.obj
         Debug\IDGenerator.obj
         Debug\InputFacade.obj
         Debug\KeyboardInputComponent.obj
         Debug\MouseInputComponent.obj
         Debug\NetworkCommandFactory.obj
         Debug\TCPClientSocket.obj
         Debug\TCPStreamClient.obj
         Debug\FlyingCamera.obj
         Debug\WalkingCamera.obj
         Debug\System.obj
         Debug\AbstractEngine.obj
         Debug\Input.obj
         Debug\KeyboardInput.obj
         Debug\MouseInput.obj
         Debug\Fog.obj
         Debug\Shadows.obj
         Debug\AbstractFont.obj
         Debug\SimpleFont.obj
         Debug\AnimationType.obj
         Debug\MD5Model.obj
         Debug\MD5ModelFactory.obj
         Debug\Line.obj
         Debug\Quad.obj
         Debug\Ray.obj
         Debug\ShaderProgramBuilder.obj
         Debug\File.obj
         Debug\RenderUtil.obj
         Debug\HeightMapFactory.obj
         Debug\AbstractLight.obj
         Debug\DirectionalLight.obj
         Debug\Material.obj
         Debug\PointLight.obj
         Debug\SpotLight.obj
         Debug\MD2Model.obj
         Debug\AbstractDrawableObject.obj
         Debug\Cube.obj
         Debug\CubeStaticData.obj
         Debug\Cylinder.obj
         Debug\Plane.obj
         Debug\Sphere.obj
         Debug\Teapot.obj
         Debug\Torus.obj
         Debug\gl_core_4_4.obj
         Debug\ParticleSystemTransformFeedback.obj
         Debug\ColorPicking.obj
         Debug\RayCastingPicking.obj
         Debug\AbstractShader.obj
         Debug\ShaderFactory.obj
         Debug\ShaderProgram.obj
         Debug\ComputeShader.obj
         Debug\FragmentShader.obj
         Debug\GeometryShader.obj
         Debug\TesselationControlShader.obj
         Debug\TesselationEvaluationShader.obj
         Debug\VertexShader.obj
         Debug\FontFactory.obj
         Debug\FreeTypeFont.obj
         Debug\FrameBuffer.obj
         Debug\FrameBufferFactory.obj
         Debug\HeightMap.obj
         Debug\AssimpModel.obj
         Debug\AssimpModelFactory.obj
         Debug\MD2ModelFactory.obj
         Debug\ObjModel.obj
         Debug\ObjModelFactory.obj
         Debug\SkyBox.obj
         Debug\SkyBoxFactory.obj
         Debug\Texture.obj
         Debug\TextureFactory.obj
         Debug\VertexBufferObject.obj
         Debug\LuaAPIHelper.obj
         Debug\Scriptor.obj
         Debug\FileReader.obj
         Debug\FileWriter.obj
         Debug\GLUtils.obj
         Debug\Logger.obj
         Debug\MemoryAllocator.obj
         Debug\MemoryPool.obj
         Debug\PrimeSearch.obj
         Debug\RandomGenerator.obj
         Debug\ViewFrustum.obj
         Debug\MemoryUtil.obj
         Debug\HostToIPUtil.obj
         Debug\JsonSerializer.obj
         Debug\StringUtils.obj
         Debug\Timer.obj
         PreEngine.vcxproj -> C:\Users\lubos\quanti\DuplexPlayer\duplexplayer\PreEngine\Debug\PreEngine.lib
     1>Done Building Project "C:\Users\lubos\quanti\DuplexPlayer\duplexplayer\PreEngine\PreEngine\PreEngine.vcxproj" (Build target(s)).

Build succeeded.

Time Elapsed 00:01:14.47
